<?xml version="1.0" encoding="UTF-8"?>
<!-- Generated by org.testng.reporters.JUnitReportReporter -->
<testsuite hostname="DESKTOP-FI8UJG3" failures="0" tests="1" name="test.FirstProgram" time="18.685" errors="0" timestamp="2022-04-16T16:42:12 IST" skipped="0">
  <testcase classname="test.FirstProgram" name="openUrl" time="18.685"/>
  <system-out/>
</testsuite> <!-- test.FirstProgram -->
