<?xml version="1.0" encoding="UTF-8"?>
<!-- Generated by org.testng.reporters.JUnitReportReporter -->
<testsuite hostname="DESKTOP-FI8UJG3" failures="0" tests="1" name="test.DynamicElements" time="24.973" errors="0" timestamp="2022-04-21T21:30:09 IST" skipped="0">
  <testcase classname="test.DynamicElements" name="alert" time="24.973"/>
  <system-out/>
</testsuite> <!-- test.DynamicElements -->
