<?xml version="1.0" encoding="UTF-8"?>
<!-- Generated by org.testng.reporters.JUnitReportReporter -->
<testsuite hostname="DESKTOP-FI8UJG3" failures="0" tests="1" name="test.MouseActions" time="33.798" errors="0" timestamp="2022-04-18T23:03:03 IST" skipped="0">
  <testcase classname="test.MouseActions" name="clickAndHold" time="33.798"/>
  <system-out/>
</testsuite> <!-- test.MouseActions -->
