<?xml version="1.0" encoding="UTF-8"?>
<!-- Generated by org.testng.reporters.JUnitReportReporter -->
<testsuite hostname="DESKTOP-FI8UJG3" failures="0" tests="6" name="test.LocateWebElements" time="75.517" errors="0" timestamp="2022-04-18T17:30:53 IST" skipped="0">
  <testcase classname="test.LocateWebElements" name="findElements" time="4.460"/>
  <system-out/>
  <testcase classname="test.LocateWebElements" name="getActiveElement" time="10.586"/>
  <system-out/>
  <testcase classname="test.LocateWebElements" name="elementWithinElement" time="22.767"/>
  <system-out/>
  <testcase classname="test.LocateWebElements" name="getElementsAttribute" time="6.771"/>
  <system-out/>
  <testcase classname="test.LocateWebElements" name="findElement" time="15.624"/>
  <system-out/>
  <testcase classname="test.LocateWebElements" name="isSelected" time="15.309"/>
  <system-out/>
</testsuite> <!-- test.LocateWebElements -->
