<?xml version="1.0" encoding="UTF-8"?>
<!-- Generated by org.testng.reporters.JUnitReportReporter -->
<testsuite hostname="DESKTOP-FI8UJG3" failures="0" tests="1" name="test.KeyboardActions" time="17.555" errors="0" timestamp="2022-04-18T22:30:27 IST" skipped="0">
  <testcase classname="test.KeyboardActions" name="actionClassSendKeys" time="17.555"/>
  <system-out/>
</testsuite> <!-- test.KeyboardActions -->
