<?xml version="1.0" encoding="UTF-8"?>
<!-- Generated by org.testng.reporters.JUnitReportReporter -->
<testsuite hostname="DESKTOP-FI8UJG3" failures="0" tests="3" name="test.PageLoadingDemo" time="15.118" errors="0" timestamp="2022-04-18T13:39:26 IST" skipped="0">
  <testcase classname="test.PageLoadingDemo" name="normalPageLoad" time="8.217"/>
  <system-out/>
  <testcase classname="test.PageLoadingDemo" name="eagerPageLoad" time="4.212"/>
  <system-out/>
  <testcase classname="test.PageLoadingDemo" name="nonePageLoad" time="2.689"/>
  <system-out/>
</testsuite> <!-- test.PageLoadingDemo -->
