<?xml version="1.0" encoding="UTF-8"?>
<!-- Generated by org.testng.reporters.JUnitReportReporter -->
<testsuite hostname="DESKTOP-FI8UJG3" failures="0" tests="1" name="compatabilityTesting.CrossBrowser" time="12.798" errors="0" timestamp="2022-04-16T16:58:33 IST" skipped="0">
  <testcase classname="compatabilityTesting.CrossBrowser" name="setupApplication" time="12.798"/>
  <system-out>
    <![CDATA[=====Chrome Browser Session Started=====
=====Application Started=====]]>
  </system-out>
</testsuite> <!-- compatabilityTesting.CrossBrowser -->
