<?xml version="1.0" encoding="UTF-8"?>
<!-- Generated by org.testng.reporters.JUnitReportReporter -->
<testsuite hostname="DESKTOP-FI8UJG3" failures="0" tests="1" name="test.Elements" time="48.986" errors="0" timestamp="2022-04-16T18:03:24 IST" skipped="0">
  <testcase classname="test.Elements" name="elementUsage" time="48.986"/>
  <system-out/>
</testsuite> <!-- test.Elements -->
