<?xml version="1.0" encoding="UTF-8"?>
<!-- Generated by org.testng.reporters.JUnitReportReporter -->
<testsuite hostname="DESKTOP-FI8UJG3" failures="0" tests="1" name="test.BrowserActions" time="23.774" errors="0" timestamp="2022-04-16T11:28:30 IST" skipped="0">
  <testcase classname="test.BrowserActions" name="browserAction" time="23.774"/>
  <system-out/>
</testsuite> <!-- test.BrowserActions -->
