<?xml version="1.0" encoding="UTF-8"?>
<!-- Generated by org.testng.reporters.JUnitReportReporter -->
<testsuite hostname="DESKTOP-FI8UJG3" failures="0" tests="3" name="test.Dropdown" time="54.939" errors="0" timestamp="2022-04-19T21:42:51 IST" skipped="0">
  <testcase classname="test.Dropdown" name="selectDropdownOptions" time="11.981"/>
  <system-out/>
  <testcase classname="test.Dropdown" name="dropdownOptions" time="20.191"/>
  <system-out/>
  <testcase classname="test.Dropdown" name="multiSelect" time="22.767"/>
  <system-out/>
</testsuite> <!-- test.Dropdown -->
