<?xml version="1.0" encoding="UTF-8"?>
<!-- Generated by org.testng.reporters.JUnitReportReporter -->
<testsuite hostname="DESKTOP-FI8UJG3" failures="0" tests="5" name="test.PopUpsAndAlerts" time="170.057" errors="0" timestamp="2022-04-21T20:45:22 IST" skipped="0">
  <testcase classname="test.PopUpsAndAlerts" name="alert" time="31.930"/>
  <system-out/>
  <testcase classname="test.PopUpsAndAlerts" name="childBrowserPopUp" time="67.405"/>
  <system-out/>
  <testcase classname="test.PopUpsAndAlerts" name="confirmationPopUp1" time="24.185"/>
  <system-out/>
  <testcase classname="test.PopUpsAndAlerts" name="childBrowserPopUp1" time="25.327"/>
  <system-out/>
  <testcase classname="test.PopUpsAndAlerts" name="confirmationPopUp" time="21.210"/>
  <system-out/>
</testsuite> <!-- test.PopUpsAndAlerts -->
